#logback.classic pattern: [REQUEST1] [%-5level] %d{yyyy-MM-dd HH:mm:ss} [%thread] [%logger{40}:%line] = %msg%n
[REQUEST1] [INFO ] 2024-10-22 15:24:49 [main] [dev.be.logback.LogbackApplication:50] = Starting LogbackApplication using Java 17.0.7 with PID 80011 (/Users/lby/Downloads/project/Logback/build/classes/java/main started by lby in /Users/lby/Downloads/project/Logback)
[REQUEST1] [INFO ] 2024-10-22 15:24:49 [main] [dev.be.logback.LogbackApplication:660] = The following 1 profile is active: "prod"
[REQUEST1] [INFO ] 2024-10-22 15:24:49 [main] [o.s.b.w.embedded.tomcat.TomcatWebServer:111] = Tomcat initialized with port 8080 (http)
[REQUEST1] [INFO ] 2024-10-22 15:24:49 [main] [o.apache.catalina.core.StandardService:173] = Starting service [Tomcat]
[REQUEST1] [INFO ] 2024-10-22 15:24:49 [main] [org.apache.catalina.core.StandardEngine:173] = Starting Servlet engine: [Apache Tomcat/10.1.30]
[REQUEST1] [INFO ] 2024-10-22 15:24:49 [main] [o.a.c.c.C.[Tomcat].[localhost].[/]:173] = Initializing Spring embedded WebApplicationContext
[REQUEST1] [INFO ] 2024-10-22 15:24:49 [main] [o.s.b.w.s.c.ServletWebServerApplicationContext:296] = Root WebApplicationContext: initialization completed in 329 ms
[REQUEST1] [INFO ] 2024-10-22 15:24:49 [main] [o.s.b.w.embedded.tomcat.TomcatWebServer:243] = Tomcat started on port 8080 (http) with context path '/'
[REQUEST1] [INFO ] 2024-10-22 15:24:49 [main] [dev.be.logback.LogbackApplication:56] = Started LogbackApplication in 0.701 seconds (process running for 0.904)
[REQUEST1] [INFO ] 2024-10-22 15:24:52 [http-nio-8080-exec-1] [o.a.c.c.C.[Tomcat].[localhost].[/]:173] = Initializing Spring DispatcherServlet 'dispatcherServlet'
[REQUEST1] [INFO ] 2024-10-22 15:24:52 [http-nio-8080-exec-1] [o.s.web.servlet.DispatcherServlet:532] = Initializing Servlet 'dispatcherServlet'
[REQUEST1] [INFO ] 2024-10-22 15:24:52 [http-nio-8080-exec-1] [o.s.web.servlet.DispatcherServlet:554] = Completed initialization in 0 ms
[REQUEST1] [INFO ] 2024-10-22 15:24:52 [http-nio-8080-exec-1] [d.be.logback.controller.DemoController:15] = log -> info
[REQUEST1] [WARN ] 2024-10-22 15:24:52 [http-nio-8080-exec-1] [d.be.logback.controller.DemoController:16] = log -> warn
[REQUEST1] [ERROR] 2024-10-22 15:24:52 [http-nio-8080-exec-1] [d.be.logback.controller.DemoController:17] = log -> error
[REQUEST1] [INFO ] 2024-10-22 15:25:14 [http-nio-8080-exec-2] [d.be.logback.controller.DemoController:15] = log -> info
[REQUEST1] [WARN ] 2024-10-22 15:25:14 [http-nio-8080-exec-2] [d.be.logback.controller.DemoController:16] = log -> warn
[REQUEST1] [ERROR] 2024-10-22 15:25:14 [http-nio-8080-exec-2] [d.be.logback.controller.DemoController:17] = log -> error
[REQUEST1] [INFO ] 2024-10-22 15:25:15 [http-nio-8080-exec-3] [d.be.logback.controller.DemoController:15] = log -> info
[REQUEST1] [WARN ] 2024-10-22 15:25:15 [http-nio-8080-exec-3] [d.be.logback.controller.DemoController:16] = log -> warn
[REQUEST1] [ERROR] 2024-10-22 15:25:15 [http-nio-8080-exec-3] [d.be.logback.controller.DemoController:17] = log -> error
